# JRE version: 7.0_07-b10
# Java VM: Java HotSpot(TM) 64-Bit Server VM (23.3-b01 mixed mode linux-amd64 compressed oops)
Heap
 PSYoungGen      total 63936K, used 8466K [0x00000000ec160000, 0x00000000f0240000, 0x0000000100000000)
  eden space 61440K, 9% used [0x00000000ec160000,0x00000000ec738b10,0x00000000efd60000)
  from space 2496K, 99% used [0x00000000effd0000,0x00000000f023c030,0x00000000f0240000)
  to   space 2496K, 0% used [0x00000000efd60000,0x00000000efd60000,0x00000000effd0000)
 ParOldGen       total 40768K, used 17658K [0x00000000c4400000, 0x00000000c6bd0000, 0x00000000ec160000)
  object space 40768K, 43% used [0x00000000c4400000,0x00000000c553e9c8,0x00000000c6bd0000)
 PSPermGen       total 21248K, used 16093K [0x00000000bf200000, 0x00000000c06c0000, 0x00000000c4400000)
  object space 21248K, 75% used [0x00000000bf200000,0x00000000c01b7470,0x00000000c06c0000)
GC Heap History (8 events):
Event: 0,600 GC heap before
{Heap before GC invocations=1 (full 0):
 PSYoungGen      total 17856K, used 15360K [0x00000000ec160000, 0x00000000ed540000, 0x0000000100000000)
  eden space 15360K, 100% used [0x00000000ec160000,0x00000000ed060000,0x00000000ed060000)
  from space 2496K, 0% used [0x00000000ed2d0000,0x00000000ed2d0000,0x00000000ed540000)
  to   space 2496K, 0% used [0x00000000ed060000,0x00000000ed060000,0x00000000ed2d0000)
 ParOldGen       total 40768K, used 0K [0x00000000c4400000, 0x00000000c6bd0000, 0x00000000ec160000)
  object space 40768K, 0% used [0x00000000c4400000,0x00000000c4400000,0x00000000c6bd0000)
 PSPermGen       total 21248K, used 6396K [0x00000000bf200000, 0x00000000c06c0000, 0x00000000c4400000)
  object space 21248K, 30% used [0x00000000bf200000,0x00000000bf83f208,0x00000000c06c0000)
Event: 0,607 GC heap after
Heap after GC invocations=1 (full 0):
 PSYoungGen      total 17856K, used 2473K [0x00000000ec160000, 0x00000000ee440000, 0x0000000100000000)
  eden space 15360K, 0% used [0x00000000ec160000,0x00000000ec160000,0x00000000ed060000)
  from space 2496K, 99% used [0x00000000ed060000,0x00000000ed2ca4f0,0x00000000ed2d0000)
  to   space 2496K, 0% used [0x00000000ee1d0000,0x00000000ee1d0000,0x00000000ee440000)
 ParOldGen       total 40768K, used 575K [0x00000000c4400000, 0x00000000c6bd0000, 0x00000000ec160000)
  object space 40768K, 1% used [0x00000000c4400000,0x00000000c448ff08,0x00000000c6bd0000)
 PSPermGen       total 21248K, used 6396K [0x00000000bf200000, 0x00000000c06c0000, 0x00000000c4400000)
  object space 21248K, 30% used [0x00000000bf200000,0x00000000bf83f208,0x00000000c06c0000)
}
Event: 0,950 GC heap before
{Heap before GC invocations=2 (full 0):
 PSYoungGen      total 17856K, used 17833K [0x00000000ec160000, 0x00000000ee440000, 0x0000000100000000)
  eden space 15360K, 100% used [0x00000000ec160000,0x00000000ed060000,0x00000000ed060000)
  from space 2496K, 99% used [0x00000000ed060000,0x00000000ed2ca4f0,0x00000000ed2d0000)
  to   space 2496K, 0% used [0x00000000ee1d0000,0x00000000ee1d0000,0x00000000ee440000)
 ParOldGen       total 40768K, used 575K [0x00000000c4400000, 0x00000000c6bd0000, 0x00000000ec160000)
  object space 40768K, 1% used [0x00000000c4400000,0x00000000c448ff08,0x00000000c6bd0000)
 PSPermGen       total 21248K, used 8778K [0x00000000bf200000, 0x00000000c06c0000, 0x00000000c4400000)
  object space 21248K, 41% used [0x00000000bf200000,0x00000000bfa92a30,0x00000000c06c0000)
Event: 0,962 GC heap after
Heap after GC invocations=2 (full 0):
 PSYoungGen      total 33216K, used 2492K [0x00000000ec160000, 0x00000000ee440000, 0x0000000100000000)
  eden space 30720K, 0% used [0x00000000ec160000,0x00000000ec160000,0x00000000edf60000)
  from space 2496K, 99% used [0x00000000ee1d0000,0x00000000ee43f0c0,0x00000000ee440000)
  to   space 2496K, 0% used [0x00000000edf60000,0x00000000edf60000,0x00000000ee1d0000)
 ParOldGen       total 40768K, used 1603K [0x00000000c4400000, 0x00000000c6bd0000, 0x00000000ec160000)
  object space 40768K, 3% used [0x00000000c4400000,0x00000000c4590f68,0x00000000c6bd0000)
 PSPermGen       total 21248K, used 8778K [0x00000000bf200000, 0x00000000c06c0000, 0x00000000c4400000)
  object space 21248K, 41% used [0x00000000bf200000,0x00000000bfa92a30,0x00000000c06c0000)
}
Event: 2,033 GC heap before
{Heap before GC invocations=3 (full 0):
 PSYoungGen      total 33216K, used 31094K [0x00000000ec160000, 0x00000000ee440000, 0x0000000100000000)
  eden space 30720K, 93% used [0x00000000ec160000,0x00000000edd4e7f0,0x00000000edf60000)
  from space 2496K, 99% used [0x00000000ee1d0000,0x00000000ee43f0c0,0x00000000ee440000)
  to   space 2496K, 0% used [0x00000000edf60000,0x00000000edf60000,0x00000000ee1d0000)
 ParOldGen       total 40768K, used 1603K [0x00000000c4400000, 0x00000000c6bd0000, 0x00000000ec160000)
  object space 40768K, 3% used [0x00000000c4400000,0x00000000c4590f68,0x00000000c6bd0000)
 PSPermGen       total 21248K, used 15655K [0x00000000bf200000, 0x00000000c06c0000, 0x00000000c4400000)
  object space 21248K, 73% used [0x00000000bf200000,0x00000000c0149ec8,0x00000000c06c0000)
Event: 2,049 GC heap after
Heap after GC invocations=3 (full 0):
 PSYoungGen      total 33216K, used 2464K [0x00000000ec160000, 0x00000000f0240000, 0x0000000100000000)
  eden space 30720K, 0% used [0x00000000ec160000,0x00000000ec160000,0x00000000edf60000)
  from space 2496K, 98% used [0x00000000edf60000,0x00000000ee1c8020,0x00000000ee1d0000)
  to   space 2496K, 0% used [0x00000000effd0000,0x00000000effd0000,0x00000000f0240000)
 ParOldGen       total 40768K, used 8334K [0x00000000c4400000, 0x00000000c6bd0000, 0x00000000ec160000)
  object space 40768K, 20% used [0x00000000c4400000,0x00000000c4c23ad0,0x00000000c6bd0000)
 PSPermGen       total 21248K, used 15655K [0x00000000bf200000, 0x00000000c06c0000, 0x00000000c4400000)
  object space 21248K, 73% used [0x00000000bf200000,0x00000000c0149ec8,0x00000000c06c0000)
}
Event: 2,317 GC heap before
{Heap before GC invocations=4 (full 0):
 PSYoungGen      total 33216K, used 31344K [0x00000000ec160000, 0x00000000f0240000, 0x0000000100000000)
  eden space 30720K, 94% used [0x00000000ec160000,0x00000000edd94140,0x00000000edf60000)
  from space 2496K, 98% used [0x00000000edf60000,0x00000000ee1c8020,0x00000000ee1d0000)
  to   space 2496K, 0% used [0x00000000effd0000,0x00000000effd0000,0x00000000f0240000)
 ParOldGen       total 40768K, used 8334K [0x00000000c4400000, 0x00000000c6bd0000, 0x00000000ec160000)
  object space 40768K, 20% used [0x00000000c4400000,0x00000000c4c23ad0,0x00000000c6bd0000)
 PSPermGen       total 21248K, used 16093K [0x00000000bf200000, 0x00000000c06c0000, 0x00000000c4400000)
  object space 21248K, 75% used [0x00000000bf200000,0x00000000c01b7470,0x00000000c06c0000)
Event: 2,329 GC heap after
Heap after GC invocations=4 (full 0):
 PSYoungGen      total 63936K, used 2480K [0x00000000ec160000, 0x00000000f0240000, 0x0000000100000000)
  eden space 61440K, 0% used [0x00000000ec160000,0x00000000ec160000,0x00000000efd60000)
  from space 2496K, 99% used [0x00000000effd0000,0x00000000f023c030,0x00000000f0240000)
  to   space 2496K, 0% used [0x00000000efd60000,0x00000000efd60000,0x00000000effd0000)
 ParOldGen       total 40768K, used 17658K [0x00000000c4400000, 0x00000000c6bd0000, 0x00000000ec160000)
  object space 40768K, 43% used [0x00000000c4400000,0x00000000c553e9c8,0x00000000c6bd0000)
 PSPermGen       total 21248K, used 16093K [0x00000000bf200000, 0x00000000c06c0000, 0x00000000c4400000)
  object space 21248K, 75% used [0x00000000bf200000,0x00000000c01b7470,0x00000000c06c0000)
}

